[2018-10-15 10:28:20] (ERROR @ /mnt/sites/ebha/core/model/modx/modcachemanager.class.php : 344) Error caching lexicon topic lexicon/ru/core/element
[2018-10-15 11:04:58] (ERROR @ /mnt/sites/ebha/core/model/modx/modcachemanager.class.php : 344) Error caching lexicon topic lexicon/ru/core/resource
[2018-10-15 11:05:15] (ERROR @ /mnt/sites/ebha/core/model/modx/modcachemanager.class.php : 344) Error caching lexicon topic lexicon/en/formit/default
[2018-10-15 11:05:43] (ERROR @ /mnt/sites/ebha/core/model/modx/modcachemanager.class.php : 344) Error caching lexicon topic lexicon/ru/core/resource
[2018-10-15 16:48:29] (ERROR @ /mnt/sites/ebha/core/model/modx/modcachemanager.class.php : 344) Error caching lexicon topic lexicon/ru/core/category
[2018-10-15 16:57:53] (ERROR @ /mnt/sites/ebha/core/model/modx/modcachemanager.class.php : 344) Error caching lexicon topic lexicon/ru/core/resource
[2018-10-15 16:59:54] (ERROR @ /mnt/sites/ebha/core/model/modx/modcachemanager.class.php : 344) Error caching lexicon topic lexicon/ru/core/resource
[2018-10-15 17:01:43] (ERROR @ /mnt/sites/ebha/core/xpdo/om/xpdoquery.class.php : 702) Error parsing condition with key 0: group
[2018-10-15 17:01:43] (ERROR @ /mnt/sites/ebha/core/xpdo/om/xpdoquery.class.php : 702) Error parsing condition with key 1: 1
[2018-10-15 17:02:06] (ERROR @ /mnt/sites/ebha/core/xpdo/om/xpdoquery.class.php : 702) Error parsing condition with key 0: group
[2018-10-15 17:02:06] (ERROR @ /mnt/sites/ebha/core/xpdo/om/xpdoquery.class.php : 702) Error parsing condition with key 1: 1
[2018-10-15 17:05:53] (ERROR @ /mnt/sites/ebha/core/model/modx/modcachemanager.class.php : 394) Error caching action map mgr/actions
[2018-10-15 17:05:53] (ERROR @ /mnt/sites/ebha/core/model/modx/modcachemanager.class.php : 344) Error caching lexicon topic lexicon/ru/core/element
[2018-10-15 17:06:54] (ERROR @ /mnt/sites/ebha/core/model/modx/modcachemanager.class.php : 394) Error caching action map mgr/actions
[2018-10-15 17:09:23] (ERROR @ /mnt/sites/ebha/core/model/modx/modcachemanager.class.php : 344) Error caching lexicon topic lexicon/ru/core/category
[2018-10-15 17:09:23] (ERROR @ /mnt/sites/ebha/core/model/modx/modcachemanager.class.php : 344) Error caching lexicon topic lexicon/ru/core/element
[2018-10-15 17:25:31] (ERROR @ /mnt/sites/ebha/core/model/modx/modcachemanager.class.php : 344) Error caching lexicon topic lexicon/ru/core/namespace
[2018-10-15 17:43:27] (ERROR @ /mnt/sites/ebha/core/model/modx/modcachemanager.class.php : 344) Error caching lexicon topic lexicon/en/clientconfig/default
[2018-10-15 17:49:13] (ERROR @ /mnt/sites/ebha/core/model/modx/modcachemanager.class.php : 344) Error caching lexicon topic lexicon/en/core/default
[2018-10-15 17:49:13] (ERROR @ /mnt/sites/ebha/core/model/modx/modcachemanager.class.php : 394) Error caching action map mgr/actions
[2018-10-15 17:49:34] (ERROR @ /mnt/sites/ebha/core/model/modx/modcachemanager.class.php : 344) Error caching lexicon topic lexicon/en/core/default
[2018-10-15 17:50:14] (ERROR @ /mnt/sites/ebha/core/model/modx/modcachemanager.class.php : 344) Error caching lexicon topic lexicon/ru/core/resource
[2018-10-15 17:50:49] (ERROR @ /mnt/sites/ebha/core/model/modx/modcachemanager.class.php : 344) Error caching lexicon topic lexicon/ru/core/default
[2018-10-15 17:50:49] (ERROR @ /mnt/sites/ebha/core/model/modx/modcachemanager.class.php : 394) Error caching action map mgr/actions
[2018-10-15 17:50:49] (ERROR @ /mnt/sites/ebha/core/model/modx/modcachemanager.class.php : 344) Error caching lexicon topic lexicon/ru/core/element
[2018-10-15 19:49:01] (ERROR @ /mnt/sites/ebha/core/model/modx/modcachemanager.class.php : 344) Error caching lexicon topic lexicon/en/core/default
[2018-10-15 19:49:26] (ERROR @ /mnt/sites/ebha/core/model/modx/modcachemanager.class.php : 344) Error caching lexicon topic lexicon/en/core/default
[2018-10-15 19:49:26] (ERROR @ /mnt/sites/ebha/core/model/modx/modcachemanager.class.php : 344) Error caching lexicon topic lexicon/ru/core/default
[2018-10-15 19:49:26] (ERROR @ /mnt/sites/ebha/core/model/modx/modcachemanager.class.php : 394) Error caching action map mgr/actions
[2018-10-15 20:17:53] (ERROR @ /mnt/sites/ebha/core/model/modx/modcachemanager.class.php : 344) Error caching lexicon topic lexicon/ru/core/resource
[2018-10-15 20:26:10] (ERROR @ /mnt/sites/ebha/core/model/modx/modcachemanager.class.php : 344) Error caching lexicon topic lexicon/ru/core/category
[2018-10-15 20:26:10] (ERROR @ /mnt/sites/ebha/core/model/modx/modcachemanager.class.php : 344) Error caching lexicon topic lexicon/ru/core/element
[2018-10-15 20:27:28] (ERROR @ /mnt/sites/ebha/core/model/modx/modcachemanager.class.php : 344) Error caching lexicon topic lexicon/ru/core/element
[2018-10-15 20:33:18] (ERROR @ /mnt/sites/ebha/core/model/modx/modcachemanager.class.php : 344) Error caching lexicon topic lexicon/ru/core/category
[2018-10-15 20:33:18] (ERROR @ /mnt/sites/ebha/core/model/modx/modcachemanager.class.php : 344) Error caching lexicon topic lexicon/ru/core/element
[2018-10-16 09:47:14] (ERROR @ /mnt/sites/ebha/core/model/modx/modcachemanager.class.php : 344) Error caching lexicon topic lexicon/en/clientconfig/default
[2018-10-16 09:47:14] (ERROR @ /mnt/sites/ebha/core/model/modx/modcachemanager.class.php : 344) Error caching lexicon topic lexicon/en/core/default
[2018-10-16 09:47:14] (ERROR @ /mnt/sites/ebha/core/model/modx/modcachemanager.class.php : 344) Error caching lexicon topic lexicon/ru/core/default
[2018-10-16 09:47:14] (ERROR @ /mnt/sites/ebha/core/model/modx/modcachemanager.class.php : 394) Error caching action map mgr/actions
[2018-10-16 10:09:23] (ERROR @ /mnt/sites/ebha/core/model/modx/modcachemanager.class.php : 394) Error caching action map mgr/actions
[2018-10-16 10:09:35] (ERROR @ /mnt/sites/ebha/core/model/modx/modcachemanager.class.php : 344) Error caching lexicon topic lexicon/en/core/default
[2018-10-16 10:09:35] (ERROR @ /mnt/sites/ebha/core/model/modx/modcachemanager.class.php : 344) Error caching lexicon topic lexicon/ru/core/default
[2018-10-16 10:09:35] (ERROR @ /mnt/sites/ebha/core/model/modx/modcachemanager.class.php : 344) Error caching lexicon topic lexicon/ru/core/element
[2018-10-16 10:11:38] (ERROR @ /mnt/sites/ebha/core/model/modx/modcachemanager.class.php : 344) Error caching lexicon topic lexicon/ru/core/resource
[2018-10-16 10:12:35] (ERROR @ /mnt/sites/ebha/core/model/modx/modcachemanager.class.php : 344) Error caching lexicon topic lexicon/ru/core/element
[2018-10-16 10:13:43] (ERROR @ /mnt/sites/ebha/core/model/modx/modcachemanager.class.php : 344) Error caching lexicon topic lexicon/en/core/default
[2018-10-16 10:17:12] (ERROR @ /mnt/sites/ebha/core/model/modx/modcachemanager.class.php : 344) Error caching lexicon topic lexicon/en/core/default
[2018-10-16 10:17:12] (ERROR @ /mnt/sites/ebha/core/model/modx/modcachemanager.class.php : 344) Error caching lexicon topic lexicon/ru/core/default
[2018-10-16 10:17:12] (ERROR @ /mnt/sites/ebha/core/model/modx/modcachemanager.class.php : 344) Error caching lexicon topic lexicon/ru/core/category
[2018-10-17 19:00:58] (ERROR @ /mnt/sites/ebha/core/model/modx/modcachemanager.class.php : 344) Error caching lexicon topic lexicon/ru/core/element
[2018-10-17 19:01:16] (ERROR @ /mnt/sites/ebha/core/model/modx/modcachemanager.class.php : 344) Error caching lexicon topic lexicon/ru/core/element
[2018-10-17 19:09:44] (ERROR @ /mnt/sites/ebha/core/model/modx/modcachemanager.class.php : 344) Error caching lexicon topic lexicon/ru/core/resource
[2018-10-17 19:10:38] (ERROR @ /mnt/sites/ebha/core/model/modx/modcachemanager.class.php : 344) Error caching lexicon topic lexicon/ru/core/element
[2018-10-17 19:11:42] (ERROR @ /mnt/sites/ebha/core/model/modx/modcachemanager.class.php : 344) Error caching lexicon topic lexicon/ru/core/category
[2018-10-17 19:12:19] (ERROR @ /mnt/sites/ebha/core/model/modx/modcachemanager.class.php : 344) Error caching lexicon topic lexicon/ru/clientconfig/default
[2018-10-17 19:12:19] (ERROR @ /mnt/sites/ebha/core/model/modx/modcachemanager.class.php : 344) Error caching lexicon topic lexicon/en/core/default
[2018-10-17 19:12:28] (ERROR @ /mnt/sites/ebha/core/model/modx/modcachemanager.class.php : 344) Error caching lexicon topic lexicon/en/core/default
[2018-10-17 19:12:28] (ERROR @ /mnt/sites/ebha/core/model/modx/modcachemanager.class.php : 344) Error caching lexicon topic lexicon/ru/core/default
[2018-10-17 19:12:28] (ERROR @ /mnt/sites/ebha/core/model/modx/modcachemanager.class.php : 394) Error caching action map mgr/actions
[2018-10-17 19:12:35] (ERROR @ /mnt/sites/ebha/core/model/modx/modcachemanager.class.php : 344) Error caching lexicon topic lexicon/ru/core/default
[2018-10-17 19:12:35] (ERROR @ /mnt/sites/ebha/core/model/modx/modcachemanager.class.php : 344) Error caching lexicon topic lexicon/ru/core/element
[2018-10-17 19:12:40] (ERROR @ /mnt/sites/ebha/core/model/modx/modcachemanager.class.php : 344) Error caching lexicon topic lexicon/en/core/default
[2018-10-17 19:12:40] (ERROR @ /mnt/sites/ebha/core/model/modx/modcachemanager.class.php : 344) Error caching lexicon topic lexicon/ru/core/default
[2018-10-17 19:14:48] (ERROR @ /mnt/sites/ebha/core/model/modx/modcachemanager.class.php : 344) Error caching lexicon topic lexicon/ru/core/element
[2018-10-17 19:17:14] (ERROR @ /mnt/sites/ebha/core/model/modx/modcachemanager.class.php : 344) Error caching lexicon topic lexicon/ru/core/category
[2018-10-17 19:18:25] (ERROR @ /mnt/sites/ebha/core/model/modx/modcachemanager.class.php : 344) Error caching lexicon topic lexicon/ru/core/default
[2018-10-17 19:18:25] (ERROR @ /mnt/sites/ebha/core/model/modx/modcachemanager.class.php : 394) Error caching action map mgr/actions
[2018-10-17 19:37:45] (ERROR @ /mnt/sites/ebha/core/model/modx/modcachemanager.class.php : 344) Error caching lexicon topic lexicon/ru/core/resource
[2018-10-17 19:38:06] (ERROR @ /mnt/sites/ebha/core/model/modx/modcachemanager.class.php : 344) Error caching lexicon topic lexicon/ru/core/category
[2018-10-17 19:38:34] (ERROR @ /mnt/sites/ebha/core/model/modx/modcachemanager.class.php : 344) Error caching lexicon topic lexicon/ru/core/resource
[2018-10-17 19:38:58] (ERROR @ /mnt/sites/ebha/core/model/modx/modcachemanager.class.php : 344) Error caching lexicon topic lexicon/ru/core/resource
[2018-10-17 19:39:12] (ERROR @ /mnt/sites/ebha/core/model/modx/modcachemanager.class.php : 344) Error caching lexicon topic lexicon/ru/core/resource
[2018-10-17 19:39:22] (ERROR @ /mnt/sites/ebha/core/model/modx/modcachemanager.class.php : 344) Error caching lexicon topic lexicon/ru/core/element
[2018-10-17 19:39:23] (ERROR @ /mnt/sites/ebha/core/model/modx/modcachemanager.class.php : 344) Error caching lexicon topic lexicon/ru/core/resource
[2018-10-17 19:41:36] (ERROR @ /mnt/sites/ebha/core/model/modx/modcachemanager.class.php : 344) Error caching lexicon topic lexicon/ru/core/resource
[2018-10-17 19:42:03] (ERROR @ /mnt/sites/ebha/core/model/modx/modparser.class.php : 540) Could not find snippet with name signinorup.
[2018-10-17 19:42:03] (ERROR @ /mnt/sites/ebha/core/model/modx/modparser.class.php : 540) Could not find snippet with name signinorup.
[2018-10-17 19:42:03] (ERROR @ /mnt/sites/ebha/core/model/modx/modparser.class.php : 540) Could not find snippet with name signinorup.
[2018-10-17 19:42:37] (ERROR @ /mnt/sites/ebha/core/model/modx/modparser.class.php : 540) Could not find snippet with name signinorup.
[2018-10-17 19:42:48] (ERROR @ /mnt/sites/ebha/core/model/modx/modparser.class.php : 540) Could not find snippet with name signinorup.
[2018-10-17 19:44:17] (ERROR @ /mnt/sites/ebha/core/model/modx/modcachemanager.class.php : 344) Error caching lexicon topic lexicon/en/core/default
[2018-10-17 19:44:17] (ERROR @ /mnt/sites/ebha/core/model/modx/modcachemanager.class.php : 344) Error caching lexicon topic lexicon/ru/core/default
[2018-10-17 19:44:17] (ERROR @ /mnt/sites/ebha/core/model/modx/modcachemanager.class.php : 394) Error caching action map mgr/actions
